<?xml version="1.0" encoding="UTF-8"?>
<!-- Generated by org.testng.reporters.JUnitReportReporter -->
<testsuite skipped="0" hostname="DESKTOP-PI0I6SN" name="Demo.Test1" tests="6" failures="0" timestamp="2022-01-09T14:02:58 IST" time="27.290" errors="0">
  <testcase name="login" time="17.379" classname="Demo.Test1"/>
  <system-out/>
  <testcase name="get_all_product" time="3.440" classname="Demo.Test1"/>
  <system-out/>
  <testcase name="create_product" time="1.702" classname="Demo.Test1"/>
  <system-out/>
  <testcase name="get_product_by_id" time="1.565" classname="Demo.Test1"/>
  <system-out/>
  <testcase name="update_product_by_id" time="1.568" classname="Demo.Test1"/>
  <system-out/>
  <testcase name="delete" time="1.636" classname="Demo.Test1"/>
  <system-out/>
</testsuite> <!-- Demo.Test1 -->
